#
# A fatal error has been detected by the Java Runtime Environment:
#
#  EXCEPTION_ACCESS_VIOLATION (0xc0000005) at pc=0x00007ffe3c1cfa2a, pid=6964, tid=4636
#
# JRE version: OpenJDK Runtime Environment Temurin-17.0.4.1+1 (17.0.4.1+1) (build 17.0.4.1+1)
# Java VM: OpenJDK 64-Bit Server VM Temurin-17.0.4.1+1 (17.0.4.1+1, mixed mode, tiered, compressed oops, compressed class ptrs, g1 gc, windows-amd64)
# Problematic frame:
# V  [jvm.dll+0x79fa2a]
#
# No core dump will be written. Minidumps are not enabled by default on client versions of Windows
#
# If you would like to submit a bug report, please visit:
#   https://github.com/adoptium/adoptium-support/issues
#

---------------  S U M M A R Y ------------

Command Line: -XX:+ShowCodeDetailsInExceptionMessages -agentlib:jdwp=transport=dt_socket,suspend=y,address=localhost:55400 -ea -javaagent:C:\Users\Dhoug\OneDrive\Documentos\eclipse\configuration\org.eclipse.osgi\228\0\.cp\lib\javaagent-shaded.jar -Dfile.encoding=UTF-8 org.eclipse.jdt.internal.junit.runner.RemoteTestRunner -version 3 -port 55399 -testLoaderClass org.eclipse.jdt.internal.junit4.runner.JUnit4TestLoader -loaderpluginname org.eclipse.jdt.junit4.runtime -classNames adt.bst.StudentBSTTest

Host: Intel(R) Core(TM) i5-5200U CPU @ 2.20GHz, 4 cores, 15G,  Windows 10 , 64 bit Build 19041 (10.0.19041.2913)
Time: Tue May 30 19:45:00 2023 Hora Padrão de Buenos Aires elapsed time: 171.525949 seconds (0d 0h 2m 51s)

---------------  T H R E A D  ---------------

Current thread (0x000002457f70b560):  JavaThread "JDWP Transport Listener: dt_socket" daemon [_thread_in_vm, id=4636, stack(0x000000a870b00000,0x000000a870c00000)]

Stack: [0x000000a870b00000,0x000000a870c00000],  sp=0x000000a870bff220,  free space=1020k
Native frames: (J=compiled Java code, j=interpreted, Vv=VM code, C=native code)
V  [jvm.dll+0x79fa2a]
V  [jvm.dll+0x50965c]
V  [jvm.dll+0x4d0cc4]
C  [jdwp.dll+0x22f7b]


siginfo: EXCEPTION_ACCESS_VIOLATION (0xc0000005), reading address 0x0000000000c90005


Register to memory mapping:

RIP=0x00007ffe3c1cfa2a jvm.dll
RAX=0x00000000000000c8 is an unknown value
RBX=0x000002457f486c02 points into unknown readable memory: 3b 29 4c 61 64 74
RCX=0x0000000000c90001 is an unknown value
RDX=0x00000245153a2da0 points into unknown readable memory: 0x7473622f7464614c | 4c 61 64 74 2f 62 73 74
RSP=0x000000a870bff220 is pointing into the stack for thread: 0x000002457f70b560
RBP=0x000002457f6eff60 points into unknown readable memory: 0x0043005000000002 | 02 00 00 00 50 00 43 00
RSI=0x0 is NULL
RDI=0xffffffffffffffff is an unknown value
R8 =0x000000000000003b is an unknown value
R9 =0x000000000000003d is an unknown value
R10=0x0 is NULL
R11=0x000000a870bff240 is pointing into the stack for thread: 0x000002457f70b560
R12=0x000000a870bff378 is pointing into the stack for thread: 0x000002457f70b560
R13=0x0 is NULL
R14=0x00000008001140c0 is a pointer to class: 
adt.bst.BSTImpl {0x00000008001140c8}
 - instance size:     2
 - klass size:        104
 - access:            public synchronized 
 - state:             fully_initialized
 - name:              'adt/bst/BSTImpl'
 - super:             'java/lang/Object'
 - sub:               
 - arrays:            NULL
 - methods:           Array<T>(0x0000024515b14118)
 - method ordering:   Array<T>(0x0000024515b15fb0)
 - default_methods:   Array<T>(0x0000000000000000)
 - local interfaces:  Array<T>(0x000002451588fc50)
 - trans. interfaces: Array<T>(0x0000024515892670)
 - constants:         constant pool [208] {0x0000024515b16fe8} for 'adt/bst/BSTImpl' cache=0x0000024515b176f0
 - class loader data:  loader data: 0x000002457e9d9590 for instance a 'jdk/internal/loader/ClassLoaders$AppClassLoader'{0x0000000710808000}
 - source file:       'BSTImpl.java'
 - source debug extension:       SMAP
BSTImpl.java
Java
*S jdt
*F
1 BSTImpl.java
2 file:/C:/Users/Dhoug/eclipse-workspace/r08-01/target/classes/
*L
*E

 - class annotations:       Array<T>(0x0000000000000000)
 - class type annotations:  Array<T>(0x0000000000000000)
 - field annotations:       Array<T>(0x0000000000000000)
 - field type annotations:  Array<T>(0x0000000000000000)
 - previous version:  constant pool [208] {0x000002451588f548} for 'adt/bst/BSTImpl' (extra) cache=0x0000024515b08de0
 - generic signature: '
[error occurred during error reporting (printing register info), id 0xc0000005, EXCEPTION_ACCESS_VIOLATION (0xc0000005) at pc=0x00007ffe3c1d0636]

Registers:
RAX=0x00000000000000c8, RBX=0x000002457f486c02, RCX=0x0000000000c90001, RDX=0x00000245153a2da0
RSP=0x000000a870bff220, RBP=0x000002457f6eff60, RSI=0x0000000000000000, RDI=0xffffffffffffffff
R8 =0x000000000000003b, R9 =0x000000000000003d, R10=0x0000000000000000, R11=0x000000a870bff240
R12=0x000000a870bff378, R13=0x0000000000000000, R14=0x00000008001140c0, R15=0x000000a870bff3c8
RIP=0x00007ffe3c1cfa2a, EFLAGS=0x0000000000010202

Top of Stack: (sp=0x000000a870bff220)
0x000000a870bff220:   000000000000000f 00000008001140c0
0x000000a870bff230:   000002457f70b560 0000000000000000
0x000000a870bff240:   ffffffffffffffff 00007ffe3bf3965c
0x000000a870bff250:   000002457f486c02 000002457f486bf0
0x000000a870bff260:   000002457f6eff60 0000024515355e20
0x000000a870bff270:   000002457f486bd0 00000000000003d8
0x000000a870bff280:   000002457f486be0 000002457f486fb8
0x000000a870bff290:   0000000000000002 000000a870bff378
0x000000a870bff2a0:   0000000000000000 0000000000000000
0x000000a870bff2b0:   0000000710826958 00007ffe3bf00cc4
0x000000a870bff2c0:   000002457f70b560 000000a870bff3c8
0x000000a870bff2d0:   0000024575706d70 000000a870bff3c8
0x000000a870bff2e0:   000002457f70b560 0000000000000000
0x000000a870bff2f0:   0000024500000000 0000000000000000
0x000000a870bff300:   000000000000000d 00007ffe81162f7b
0x000000a870bff310:   000000a870bff3c0 00007ffe81171600 

Instructions: (pc=0x00007ffe3c1cfa2a)
0x00007ffe3c1cf92a:   48 83 c4 20 5f e9 bc 69 90 ff cc cc cc cc cc cc
0x00007ffe3c1cf93a:   cc cc cc cc cc cc 48 89 5c 24 08 57 48 83 ec 20
0x00007ffe3c1cf94a:   83 fa 02 8d 42 06 b9 08 00 00 00 49 8b d8 0f 4e
0x00007ffe3c1cf95a:   c1 48 63 c8 48 83 c1 07 83 e1 f8 48 63 f9 49 8b
0x00007ffe3c1cf96a:   48 18 48 8b c7 48 f7 d0 48 3b c1 73 16 4c 8d 05
0x00007ffe3c1cf97a:   ba 58 17 00 48 8b d7 48 8b cb e8 c7 cc 90 ff 48
0x00007ffe3c1cf98a:   8b 4b 18 48 8d 04 39 48 3b 43 20 76 18 45 33 c0
0x00007ffe3c1cf99a:   48 8b d7 48 8b cb 48 8b 5c 24 30 48 83 c4 20 5f
0x00007ffe3c1cf9aa:   e9 21 c9 90 ff 48 89 43 18 48 8b c1 48 8b 5c 24
0x00007ffe3c1cf9ba:   30 48 83 c4 20 5f c3 cc cc cc cc cc cc cc cc cc
0x00007ffe3c1cf9ca:   cc cc cc cc cc cc 4c 8b d2 4c 8b d9 45 85 c0 7e
0x00007ffe3c1cf9da:   3c 44 0f b7 49 04 41 8d 40 ff 41 3b c1 44 0f 4c
0x00007ffe3c1cf9ea:   c8 4d 63 c1 45 85 c9 7e 1f 48 8b c2 4c 2b da 49
0x00007ffe3c1cf9fa:   8b d0 0f 1f 40 00 41 0f b6 4c 03 06 88 08 48 8d
0x00007ffe3c1cfa0a:   40 01 48 83 ea 01 75 ee 43 c6 04 10 00 49 8b c2
0x00007ffe3c1cfa1a:   c3 cc cc cc cc cc 48 89 5c 24 08 57 48 83 ec 20
0x00007ffe3c1cfa2a:   0f b7 59 04 48 8b f9 33 d2 48 8d 4b 01 e8 f4 d9
0x00007ffe3c1cfa3a:   f2 ff 0f b7 57 04 4c 8b c0 3b da 0f 42 d3 44 8b
0x00007ffe3c1cfa4a:   ca 85 d2 74 39 48 2b f8 0f 1f 40 00 66 66 0f 1f
0x00007ffe3c1cfa5a:   84 00 00 00 00 00 0f b6 4c 07 06 88 08 48 ff c0
0x00007ffe3c1cfa6a:   48 8b c8 49 2b c8 49 3b c9 7c eb 42 c6 04 02 00
0x00007ffe3c1cfa7a:   49 8b c0 48 8b 5c 24 30 48 83 c4 20 5f c3 48 8b
0x00007ffe3c1cfa8a:   5c 24 30 c6 04 02 00 48 83 c4 20 5f c3 cc cc cc
0x00007ffe3c1cfa9a:   cc cc cc cc cc cc 4c 8b d1 45 85 c0 7e 6c 44 0f
0x00007ffe3c1cfaaa:   b7 49 04 41 8d 40 ff 41 3b c1 44 0f 4c c8 4d 63
0x00007ffe3c1cfaba:   d9 45 85 c9 7e 22 48 8b ca 4c 2b d2 4d 8b c3 0f
0x00007ffe3c1cfaca:   1f 80 00 00 00 00 41 0f b6 44 0a 06 88 01 48 8d
0x00007ffe3c1cfada:   49 01 49 83 e8 01 75 ee 41 c6 04 13 00 48 c7 c0
0x00007ffe3c1cfaea:   ff ff ff ff 66 90 48 ff c0 80 3c 02 00 75 f7 48
0x00007ffe3c1cfafa:   63 c8 85 c0 48 8b c2 7e 14 80 38 2f 75 03 c6 00
0x00007ffe3c1cfb0a:   2e 48 ff c0 48 83 e9 01 75 ef 48 8b c2 c3 cc cc
0x00007ffe3c1cfb1a:   cc cc cc cc cc cc 48 83 ec 28 e8 f7 fe ff ff 4c 


Stack slot to memory mapping:
stack at sp + 0 slots: 0x000000000000000f is an unknown value
stack at sp + 1 slots: 0x00000008001140c0 is a pointer to class: 
adt.bst.BSTImpl {0x00000008001140c8}
 - instance size:     2
 - klass size:        104
 - access:            public synchronized 
 - state:             fully_initialized
 - name:              'adt/bst/BSTImpl'
 - super:             'java/lang/Object'
 - sub:               
 - arrays:            NULL
 - methods:           Array<T>(0x0000024515b14118)
 - method ordering:   Array<T>(0x0000024515b15fb0)
 - default_methods:   Array<T>(0x0000000000000000)
 - local interfaces:  Array<T>(0x000002451588fc50)
 - trans. interfaces: Array<T>(0x0000024515892670)
 - constants:         constant pool [208] {0x0000024515b16fe8} for 'adt/bst/BSTImpl' cache=0x0000024515b176f0
 - class loader data:  loader data: 0x000002457e9d9590 for instance a 'jdk/internal/loader/ClassLoaders$AppClassLoader'{0x0000000710808000}
 - source file:       'BSTImpl.java'
 - source debug extension:       SMAP
BSTImpl.java
Java
*S jdt
*F
1 BSTImpl.java
2 file:/C:/Users/Dhoug/eclipse-workspace/r08-01/target/classes/
*L
*E

 - class annotations:       Array<T>(0x0000000000000000)
 - class type annotations:  Array<T>(0x0000000000000000)
 - field annotations:       Array<T>(0x0000000000000000)
 - field type annotations:  Array<T>(0x0000000000000000)
 - previous version:  constant pool [208] {0x000002451588f548} for 'adt/bst/BSTImpl' (extra) cache=0x0000024515b08de0
 - generic signature: '
[error occurred during error reporting (inspecting top of stack), id 0xc0000005, EXCEPTION_ACCESS_VIOLATION (0xc0000005) at pc=0x00007ffe3c1d0636]


---------------  P R O C E S S  ---------------

Threads class SMR info:
_java_thread_list=0x000002451507ade0, length=16, elements={
0x000002457571b9f0, 0x000002457f40acb0, 0x000002457f40c2c0, 0x000002457f41a4a0,
0x000002457f46bbc0, 0x000002457f46c480, 0x000002457f471ef0, 0x000002457f473b10,
0x000002457f474d50, 0x000002457f4866a0, 0x000002457f606270, 0x000002457f70b560,
0x000002457f748f40, 0x000002457f749430, 0x00000245152cb670, 0x0000024515275ba0
}

Java Threads: ( => current thread )
  0x000002457571b9f0 JavaThread "main" [_thread_blocked, id=13764, stack(0x000000a86fa00000,0x000000a86fb00000)]
  0x000002457f40acb0 JavaThread "Reference Handler" daemon [_thread_blocked, id=11272, stack(0x000000a870100000,0x000000a870200000)]
  0x000002457f40c2c0 JavaThread "Finalizer" daemon [_thread_blocked, id=6856, stack(0x000000a870200000,0x000000a870300000)]
  0x000002457f41a4a0 JavaThread "Signal Dispatcher" daemon [_thread_blocked, id=10544, stack(0x000000a870300000,0x000000a870400000)]
  0x000002457f46bbc0 JavaThread "Attach Listener" daemon [_thread_blocked, id=13288, stack(0x000000a870400000,0x000000a870500000)]
  0x000002457f46c480 JavaThread "Service Thread" daemon [_thread_blocked, id=1856, stack(0x000000a870500000,0x000000a870600000)]
  0x000002457f471ef0 JavaThread "Monitor Deflation Thread" daemon [_thread_blocked, id=14352, stack(0x000000a870600000,0x000000a870700000)]
  0x000002457f473b10 JavaThread "C2 CompilerThread0" daemon [_thread_blocked, id=4756, stack(0x000000a870700000,0x000000a870800000)]
  0x000002457f474d50 JavaThread "C1 CompilerThread0" daemon [_thread_blocked, id=16068, stack(0x000000a870800000,0x000000a870900000)]
  0x000002457f4866a0 JavaThread "Sweeper thread" daemon [_thread_blocked, id=3184, stack(0x000000a870900000,0x000000a870a00000)]
  0x000002457f606270 JavaThread "Common-Cleaner" daemon [_thread_blocked, id=3796, stack(0x000000a870a00000,0x000000a870b00000)]
=>0x000002457f70b560 JavaThread "JDWP Transport Listener: dt_socket" daemon [_thread_in_vm, id=4636, stack(0x000000a870b00000,0x000000a870c00000)]
  0x000002457f748f40 JavaThread "JDWP Event Helper Thread" daemon [_thread_blocked, id=968, stack(0x000000a870c00000,0x000000a870d00000)]
  0x000002457f749430 JavaThread "JDWP Command Reader" daemon [_thread_in_native, id=15848, stack(0x000000a870d00000,0x000000a870e00000)]
  0x00000245152cb670 JavaThread "Notification Thread" daemon [_thread_blocked, id=3204, stack(0x000000a870e00000,0x000000a870f00000)]
  0x0000024515275ba0 JavaThread "ReaderThread" [_thread_in_native, id=12280, stack(0x000000a871000000,0x000000a871100000)]

Other Threads:
  0x000002457f4013c0 VMThread "VM Thread" [stack: 0x000000a870000000,0x000000a870100000] [id=7856]
  0x000002457571c670 WatcherThread [stack: 0x000000a870f00000,0x000000a871000000] [id=12360]
  0x0000024575783e70 GCTaskThread "GC Thread#0" [stack: 0x000000a86fb00000,0x000000a86fc00000] [id=8580]
  0x0000024515598810 GCTaskThread "GC Thread#1" [stack: 0x000000a871100000,0x000000a871200000] [id=14540]
  0x0000024515598ac0 GCTaskThread "GC Thread#2" [stack: 0x000000a871200000,0x000000a871300000] [id=11540]
  0x0000024515398020 GCTaskThread "GC Thread#3" [stack: 0x000000a871300000,0x000000a871400000] [id=8516]
  0x00000245735ddf60 ConcurrentGCThread "G1 Main Marker" [stack: 0x000000a86fc00000,0x000000a86fd00000] [id=6284]
  0x00000245735de970 ConcurrentGCThread "G1 Conc#0" [stack: 0x000000a86fd00000,0x000000a86fe00000] [id=5240]
  0x00000245757d69d0 ConcurrentGCThread "G1 Refine#0" [stack: 0x000000a86fe00000,0x000000a86ff00000] [id=9232]
  0x000002457e933a30 ConcurrentGCThread "G1 Service" [stack: 0x000000a86ff00000,0x000000a870000000] [id=15612]

Threads with active compile tasks:

VM state: not at safepoint (normal execution)

VM Mutex/Monitor currently owned by a thread: None

Heap address: 0x0000000701600000, size: 4074 MB, Compressed Oops mode: Zero based, Oop shift amount: 3

CDS archive(s) not mapped
Compressed class space mapped at: 0x0000000800000000-0x0000000840000000, reserved size: 1073741824
Narrow klass base: 0x0000000800000000, Narrow klass shift: 0, Narrow klass range: 0x40000000

GC Precious Log:
 CPUs: 4 total, 4 available
 Memory: 16294M
 Large Page Support: Disabled
 NUMA Support: Disabled
 Compressed Oops: Enabled (Zero based)
 Heap Region Size: 2M
 Heap Min Capacity: 8M
 Heap Initial Capacity: 256M
 Heap Max Capacity: 4074M
 Pre-touch: Disabled
 Parallel Workers: 4
 Concurrent Workers: 1
 Concurrent Refinement Workers: 4
 Periodic GC: Disabled

Heap:
 garbage-first heap   total 262144K, used 1724K [0x0000000701600000, 0x0000000800000000)
  region size 2048K, 2 young (4096K), 1 survivors (2048K)
 Metaspace       used 11533K, committed 11648K, reserved 1064960K
  class space    used 1048K, committed 1088K, reserved 1048576K

Heap Regions: E=young(eden), S=young(survivor), O=old, HS=humongous(starts), HC=humongous(continues), CS=collection set, F=free, OA=open archive, CA=closed archive, TAMS=top-at-mark-start (previous, next)
|   0|0x0000000701600000, 0x0000000701600000, 0x0000000701800000|  0%| F|  |TAMS 0x0000000701600000, 0x0000000701600000| Untracked 
|   1|0x0000000701800000, 0x0000000701800000, 0x0000000701a00000|  0%| F|  |TAMS 0x0000000701800000, 0x0000000701800000| Untracked 
|   2|0x0000000701a00000, 0x0000000701a00000, 0x0000000701c00000|  0%| F|  |TAMS 0x0000000701a00000, 0x0000000701a00000| Untracked 
|   3|0x0000000701c00000, 0x0000000701c00000, 0x0000000701e00000|  0%| F|  |TAMS 0x0000000701c00000, 0x0000000701c00000| Untracked 
|   4|0x0000000701e00000, 0x0000000701e00000, 0x0000000702000000|  0%| F|  |TAMS 0x0000000701e00000, 0x0000000701e00000| Untracked 
|   5|0x0000000702000000, 0x0000000702000000, 0x0000000702200000|  0%| F|  |TAMS 0x0000000702000000, 0x0000000702000000| Untracked 
|   6|0x0000000702200000, 0x0000000702200000, 0x0000000702400000|  0%| F|  |TAMS 0x0000000702200000, 0x0000000702200000| Untracked 
|   7|0x0000000702400000, 0x0000000702400000, 0x0000000702600000|  0%| F|  |TAMS 0x0000000702400000, 0x0000000702400000| Untracked 
|   8|0x0000000702600000, 0x0000000702600000, 0x0000000702800000|  0%| F|  |TAMS 0x0000000702600000, 0x0000000702600000| Untracked 
|   9|0x0000000702800000, 0x0000000702800000, 0x0000000702a00000|  0%| F|  |TAMS 0x0000000702800000, 0x0000000702800000| Untracked 
|  10|0x0000000702a00000, 0x0000000702a00000, 0x0000000702c00000|  0%| F|  |TAMS 0x0000000702a00000, 0x0000000702a00000| Untracked 
|  11|0x0000000702c00000, 0x0000000702c00000, 0x0000000702e00000|  0%| F|  |TAMS 0x0000000702c00000, 0x0000000702c00000| Untracked 
|  12|0x0000000702e00000, 0x0000000702e00000, 0x0000000703000000|  0%| F|  |TAMS 0x0000000702e00000, 0x0000000702e00000| Untracked 
|  13|0x0000000703000000, 0x0000000703000000, 0x0000000703200000|  0%| F|  |TAMS 0x0000000703000000, 0x0000000703000000| Untracked 
|  14|0x0000000703200000, 0x0000000703200000, 0x0000000703400000|  0%| F|  |TAMS 0x0000000703200000, 0x0000000703200000| Untracked 
|  15|0x0000000703400000, 0x0000000703400000, 0x0000000703600000|  0%| F|  |TAMS 0x0000000703400000, 0x0000000703400000| Untracked 
|  16|0x0000000703600000, 0x0000000703600000, 0x0000000703800000|  0%| F|  |TAMS 0x0000000703600000, 0x0000000703600000| Untracked 
|  17|0x0000000703800000, 0x0000000703800000, 0x0000000703a00000|  0%| F|  |TAMS 0x0000000703800000, 0x0000000703800000| Untracked 
|  18|0x0000000703a00000, 0x0000000703a00000, 0x0000000703c00000|  0%| F|  |TAMS 0x0000000703a00000, 0x0000000703a00000| Untracked 
|  19|0x0000000703c00000, 0x0000000703c00000, 0x0000000703e00000|  0%| F|  |TAMS 0x0000000703c00000, 0x0000000703c00000| Untracked 
|  20|0x0000000703e00000, 0x0000000703e00000, 0x0000000704000000|  0%| F|  |TAMS 0x0000000703e00000, 0x0000000703e00000| Untracked 
|  21|0x0000000704000000, 0x0000000704000000, 0x0000000704200000|  0%| F|  |TAMS 0x0000000704000000, 0x0000000704000000| Untracked 
|  22|0x0000000704200000, 0x0000000704200000, 0x0000000704400000|  0%| F|  |TAMS 0x0000000704200000, 0x0000000704200000| Untracked 
|  23|0x0000000704400000, 0x0000000704400000, 0x0000000704600000|  0%| F|  |TAMS 0x0000000704400000, 0x0000000704400000| Untracked 
|  24|0x0000000704600000, 0x0000000704600000, 0x0000000704800000|  0%| F|  |TAMS 0x0000000704600000, 0x0000000704600000| Untracked 
|  25|0x0000000704800000, 0x0000000704800000, 0x0000000704a00000|  0%| F|  |TAMS 0x0000000704800000, 0x0000000704800000| Untracked 
|  26|0x0000000704a00000, 0x0000000704a00000, 0x0000000704c00000|  0%| F|  |TAMS 0x0000000704a00000, 0x0000000704a00000| Untracked 
|  27|0x0000000704c00000, 0x0000000704c00000, 0x0000000704e00000|  0%| F|  |TAMS 0x0000000704c00000, 0x0000000704c00000| Untracked 
|  28|0x0000000704e00000, 0x0000000704e00000, 0x0000000705000000|  0%| F|  |TAMS 0x0000000704e00000, 0x0000000704e00000| Untracked 
|  29|0x0000000705000000, 0x0000000705000000, 0x0000000705200000|  0%| F|  |TAMS 0x0000000705000000, 0x0000000705000000| Untracked 
|  30|0x0000000705200000, 0x0000000705200000, 0x0000000705400000|  0%| F|  |TAMS 0x0000000705200000, 0x0000000705200000| Untracked 
|  31|0x0000000705400000, 0x0000000705400000, 0x0000000705600000|  0%| F|  |TAMS 0x0000000705400000, 0x0000000705400000| Untracked 
|  32|0x0000000705600000, 0x0000000705600000, 0x0000000705800000|  0%| F|  |TAMS 0x0000000705600000, 0x0000000705600000| Untracked 
|  33|0x0000000705800000, 0x0000000705800000, 0x0000000705a00000|  0%| F|  |TAMS 0x0000000705800000, 0x0000000705800000| Untracked 
|  34|0x0000000705a00000, 0x0000000705a00000, 0x0000000705c00000|  0%| F|  |TAMS 0x0000000705a00000, 0x0000000705a00000| Untracked 
|  35|0x0000000705c00000, 0x0000000705c00000, 0x0000000705e00000|  0%| F|  |TAMS 0x0000000705c00000, 0x0000000705c00000| Untracked 
|  36|0x0000000705e00000, 0x0000000705e00000, 0x0000000706000000|  0%| F|  |TAMS 0x0000000705e00000, 0x0000000705e00000| Untracked 
|  37|0x0000000706000000, 0x0000000706000000, 0x0000000706200000|  0%| F|  |TAMS 0x0000000706000000, 0x0000000706000000| Untracked 
|  38|0x0000000706200000, 0x0000000706200000, 0x0000000706400000|  0%| F|  |TAMS 0x0000000706200000, 0x0000000706200000| Untracked 
|  39|0x0000000706400000, 0x0000000706400000, 0x0000000706600000|  0%| F|  |TAMS 0x0000000706400000, 0x0000000706400000| Untracked 
|  40|0x0000000706600000, 0x0000000706600000, 0x0000000706800000|  0%| F|  |TAMS 0x0000000706600000, 0x0000000706600000| Untracked 
|  41|0x0000000706800000, 0x0000000706800000, 0x0000000706a00000|  0%| F|  |TAMS 0x0000000706800000, 0x0000000706800000| Untracked 
|  42|0x0000000706a00000, 0x0000000706a00000, 0x0000000706c00000|  0%| F|  |TAMS 0x0000000706a00000, 0x0000000706a00000| Untracked 
|  43|0x0000000706c00000, 0x0000000706c00000, 0x0000000706e00000|  0%| F|  |TAMS 0x0000000706c00000, 0x0000000706c00000| Untracked 
|  44|0x0000000706e00000, 0x0000000706e00000, 0x0000000707000000|  0%| F|  |TAMS 0x0000000706e00000, 0x0000000706e00000| Untracked 
|  45|0x0000000707000000, 0x0000000707000000, 0x0000000707200000|  0%| F|  |TAMS 0x0000000707000000, 0x0000000707000000| Untracked 
|  46|0x0000000707200000, 0x0000000707200000, 0x0000000707400000|  0%| F|  |TAMS 0x0000000707200000, 0x0000000707200000| Untracked 
|  47|0x0000000707400000, 0x0000000707400000, 0x0000000707600000|  0%| F|  |TAMS 0x0000000707400000, 0x0000000707400000| Untracked 
|  48|0x0000000707600000, 0x0000000707600000, 0x0000000707800000|  0%| F|  |TAMS 0x0000000707600000, 0x0000000707600000| Untracked 
|  49|0x0000000707800000, 0x0000000707800000, 0x0000000707a00000|  0%| F|  |TAMS 0x0000000707800000, 0x0000000707800000| Untracked 
|  50|0x0000000707a00000, 0x0000000707a00000, 0x0000000707c00000|  0%| F|  |TAMS 0x0000000707a00000, 0x0000000707a00000| Untracked 
|  51|0x0000000707c00000, 0x0000000707c00000, 0x0000000707e00000|  0%| F|  |TAMS 0x0000000707c00000, 0x0000000707c00000| Untracked 
|  52|0x0000000707e00000, 0x0000000707e00000, 0x0000000708000000|  0%| F|  |TAMS 0x0000000707e00000, 0x0000000707e00000| Untracked 
|  53|0x0000000708000000, 0x0000000708000000, 0x0000000708200000|  0%| F|  |TAMS 0x0000000708000000, 0x0000000708000000| Untracked 
|  54|0x0000000708200000, 0x0000000708200000, 0x0000000708400000|  0%| F|  |TAMS 0x0000000708200000, 0x0000000708200000| Untracked 
|  55|0x0000000708400000, 0x0000000708400000, 0x0000000708600000|  0%| F|  |TAMS 0x0000000708400000, 0x0000000708400000| Untracked 
|  56|0x0000000708600000, 0x0000000708600000, 0x0000000708800000|  0%| F|  |TAMS 0x0000000708600000, 0x0000000708600000| Untracked 
|  57|0x0000000708800000, 0x0000000708800000, 0x0000000708a00000|  0%| F|  |TAMS 0x0000000708800000, 0x0000000708800000| Untracked 
|  58|0x0000000708a00000, 0x0000000708a00000, 0x0000000708c00000|  0%| F|  |TAMS 0x0000000708a00000, 0x0000000708a00000| Untracked 
|  59|0x0000000708c00000, 0x0000000708c00000, 0x0000000708e00000|  0%| F|  |TAMS 0x0000000708c00000, 0x0000000708c00000| Untracked 
|  60|0x0000000708e00000, 0x0000000708e00000, 0x0000000709000000|  0%| F|  |TAMS 0x0000000708e00000, 0x0000000708e00000| Untracked 
|  61|0x0000000709000000, 0x0000000709000000, 0x0000000709200000|  0%| F|  |TAMS 0x0000000709000000, 0x0000000709000000| Untracked 
|  62|0x0000000709200000, 0x0000000709200000, 0x0000000709400000|  0%| F|  |TAMS 0x0000000709200000, 0x0000000709200000| Untracked 
|  63|0x0000000709400000, 0x0000000709400000, 0x0000000709600000|  0%| F|  |TAMS 0x0000000709400000, 0x0000000709400000| Untracked 
|  64|0x0000000709600000, 0x0000000709600000, 0x0000000709800000|  0%| F|  |TAMS 0x0000000709600000, 0x0000000709600000| Untracked 
|  65|0x0000000709800000, 0x0000000709800000, 0x0000000709a00000|  0%| F|  |TAMS 0x0000000709800000, 0x0000000709800000| Untracked 
|  66|0x0000000709a00000, 0x0000000709a00000, 0x0000000709c00000|  0%| F|  |TAMS 0x0000000709a00000, 0x0000000709a00000| Untracked 
|  67|0x0000000709c00000, 0x0000000709c00000, 0x0000000709e00000|  0%| F|  |TAMS 0x0000000709c00000, 0x0000000709c00000| Untracked 
|  68|0x0000000709e00000, 0x0000000709e00000, 0x000000070a000000|  0%| F|  |TAMS 0x0000000709e00000, 0x0000000709e00000| Untracked 
|  69|0x000000070a000000, 0x000000070a000000, 0x000000070a200000|  0%| F|  |TAMS 0x000000070a000000, 0x000000070a000000| Untracked 
|  70|0x000000070a200000, 0x000000070a200000, 0x000000070a400000|  0%| F|  |TAMS 0x000000070a200000, 0x000000070a200000| Untracked 
|  71|0x000000070a400000, 0x000000070a400000, 0x000000070a600000|  0%| F|  |TAMS 0x000000070a400000, 0x000000070a400000| Untracked 
|  72|0x000000070a600000, 0x000000070a600000, 0x000000070a800000|  0%| F|  |TAMS 0x000000070a600000, 0x000000070a600000| Untracked 
|  73|0x000000070a800000, 0x000000070a800000, 0x000000070aa00000|  0%| F|  |TAMS 0x000000070a800000, 0x000000070a800000| Untracked 
|  74|0x000000070aa00000, 0x000000070aa00000, 0x000000070ac00000|  0%| F|  |TAMS 0x000000070aa00000, 0x000000070aa00000| Untracked 
|  75|0x000000070ac00000, 0x000000070ac00000, 0x000000070ae00000|  0%| F|  |TAMS 0x000000070ac00000, 0x000000070ac00000| Untracked 
|  76|0x000000070ae00000, 0x000000070ae00000, 0x000000070b000000|  0%| F|  |TAMS 0x000000070ae00000, 0x000000070ae00000| Untracked 
|  77|0x000000070b000000, 0x000000070b000000, 0x000000070b200000|  0%| F|  |TAMS 0x000000070b000000, 0x000000070b000000| Untracked 
|  78|0x000000070b200000, 0x000000070b200000, 0x000000070b400000|  0%| F|  |TAMS 0x000000070b200000, 0x000000070b200000| Untracked 
|  79|0x000000070b400000, 0x000000070b400000, 0x000000070b600000|  0%| F|  |TAMS 0x000000070b400000, 0x000000070b400000| Untracked 
|  80|0x000000070b600000, 0x000000070b600000, 0x000000070b800000|  0%| F|  |TAMS 0x000000070b600000, 0x000000070b600000| Untracked 
|  81|0x000000070b800000, 0x000000070b800000, 0x000000070ba00000|  0%| F|  |TAMS 0x000000070b800000, 0x000000070b800000| Untracked 
|  82|0x000000070ba00000, 0x000000070ba00000, 0x000000070bc00000|  0%| F|  |TAMS 0x000000070ba00000, 0x000000070ba00000| Untracked 
|  83|0x000000070bc00000, 0x000000070bc00000, 0x000000070be00000|  0%| F|  |TAMS 0x000000070bc00000, 0x000000070bc00000| Untracked 
|  84|0x000000070be00000, 0x000000070be00000, 0x000000070c000000|  0%| F|  |TAMS 0x000000070be00000, 0x000000070be00000| Untracked 
|  85|0x000000070c000000, 0x000000070c000000, 0x000000070c200000|  0%| F|  |TAMS 0x000000070c000000, 0x000000070c000000| Untracked 
|  86|0x000000070c200000, 0x000000070c200000, 0x000000070c400000|  0%| F|  |TAMS 0x000000070c200000, 0x000000070c200000| Untracked 
|  87|0x000000070c400000, 0x000000070c400000, 0x000000070c600000|  0%| F|  |TAMS 0x000000070c400000, 0x000000070c400000| Untracked 
|  88|0x000000070c600000, 0x000000070c600000, 0x000000070c800000|  0%| F|  |TAMS 0x000000070c600000, 0x000000070c600000| Untracked 
|  89|0x000000070c800000, 0x000000070c800000, 0x000000070ca00000|  0%| F|  |TAMS 0x000000070c800000, 0x000000070c800000| Untracked 
|  90|0x000000070ca00000, 0x000000070ca00000, 0x000000070cc00000|  0%| F|  |TAMS 0x000000070ca00000, 0x000000070ca00000| Untracked 
|  91|0x000000070cc00000, 0x000000070cc00000, 0x000000070ce00000|  0%| F|  |TAMS 0x000000070cc00000, 0x000000070cc00000| Untracked 
|  92|0x000000070ce00000, 0x000000070ce00000, 0x000000070d000000|  0%| F|  |TAMS 0x000000070ce00000, 0x000000070ce00000| Untracked 
|  93|0x000000070d000000, 0x000000070d000000, 0x000000070d200000|  0%| F|  |TAMS 0x000000070d000000, 0x000000070d000000| Untracked 
|  94|0x000000070d200000, 0x000000070d200000, 0x000000070d400000|  0%| F|  |TAMS 0x000000070d200000, 0x000000070d200000| Untracked 
|  95|0x000000070d400000, 0x000000070d400000, 0x000000070d600000|  0%| F|  |TAMS 0x000000070d400000, 0x000000070d400000| Untracked 
|  96|0x000000070d600000, 0x000000070d600000, 0x000000070d800000|  0%| F|  |TAMS 0x000000070d600000, 0x000000070d600000| Untracked 
|  97|0x000000070d800000, 0x000000070d800000, 0x000000070da00000|  0%| F|  |TAMS 0x000000070d800000, 0x000000070d800000| Untracked 
|  98|0x000000070da00000, 0x000000070da00000, 0x000000070dc00000|  0%| F|  |TAMS 0x000000070da00000, 0x000000070da00000| Untracked 
|  99|0x000000070dc00000, 0x000000070dc00000, 0x000000070de00000|  0%| F|  |TAMS 0x000000070dc00000, 0x000000070dc00000| Untracked 
| 100|0x000000070de00000, 0x000000070de00000, 0x000000070e000000|  0%| F|  |TAMS 0x000000070de00000, 0x000000070de00000| Untracked 
| 101|0x000000070e000000, 0x000000070e000000, 0x000000070e200000|  0%| F|  |TAMS 0x000000070e000000, 0x000000070e000000| Untracked 
| 102|0x000000070e200000, 0x000000070e200000, 0x000000070e400000|  0%| F|  |TAMS 0x000000070e200000, 0x000000070e200000| Untracked 
| 103|0x000000070e400000, 0x000000070e400000, 0x000000070e600000|  0%| F|  |TAMS 0x000000070e400000, 0x000000070e400000| Untracked 
| 104|0x000000070e600000, 0x000000070e600000, 0x000000070e800000|  0%| F|  |TAMS 0x000000070e600000, 0x000000070e600000| Untracked 
| 105|0x000000070e800000, 0x000000070e800000, 0x000000070ea00000|  0%| F|  |TAMS 0x000000070e800000, 0x000000070e800000| Untracked 
| 106|0x000000070ea00000, 0x000000070ea00000, 0x000000070ec00000|  0%| F|  |TAMS 0x000000070ea00000, 0x000000070ea00000| Untracked 
| 107|0x000000070ec00000, 0x000000070ec00000, 0x000000070ee00000|  0%| F|  |TAMS 0x000000070ec00000, 0x000000070ec00000| Untracked 
| 108|0x000000070ee00000, 0x000000070ee00000, 0x000000070f000000|  0%| F|  |TAMS 0x000000070ee00000, 0x000000070ee00000| Untracked 
| 109|0x000000070f000000, 0x000000070f000000, 0x000000070f200000|  0%| F|  |TAMS 0x000000070f000000, 0x000000070f000000| Untracked 
| 110|0x000000070f200000, 0x000000070f200000, 0x000000070f400000|  0%| F|  |TAMS 0x000000070f200000, 0x000000070f200000| Untracked 
| 111|0x000000070f400000, 0x000000070f400000, 0x000000070f600000|  0%| F|  |TAMS 0x000000070f400000, 0x000000070f400000| Untracked 
| 112|0x000000070f600000, 0x000000070f600000, 0x000000070f800000|  0%| F|  |TAMS 0x000000070f600000, 0x000000070f600000| Untracked 
| 113|0x000000070f800000, 0x000000070f800000, 0x000000070fa00000|  0%| F|  |TAMS 0x000000070f800000, 0x000000070f800000| Untracked 
| 114|0x000000070fa00000, 0x000000070fa00000, 0x000000070fc00000|  0%| F|  |TAMS 0x000000070fa00000, 0x000000070fa00000| Untracked 
| 115|0x000000070fc00000, 0x000000070fc00000, 0x000000070fe00000|  0%| F|  |TAMS 0x000000070fc00000, 0x000000070fc00000| Untracked 
| 116|0x000000070fe00000, 0x000000070fe00000, 0x0000000710000000|  0%| F|  |TAMS 0x000000070fe00000, 0x000000070fe00000| Untracked 
| 117|0x0000000710000000, 0x0000000710000000, 0x0000000710200000|  0%| F|  |TAMS 0x0000000710000000, 0x0000000710000000| Untracked 
| 118|0x0000000710200000, 0x0000000710200000, 0x0000000710400000|  0%| F|  |TAMS 0x0000000710200000, 0x0000000710200000| Untracked 
| 119|0x0000000710400000, 0x0000000710400000, 0x0000000710600000|  0%| F|  |TAMS 0x0000000710400000, 0x0000000710400000| Untracked 
| 120|0x0000000710600000, 0x0000000710600000, 0x0000000710800000|  0%| F|  |TAMS 0x0000000710600000, 0x0000000710600000| Untracked 
| 121|0x0000000710800000, 0x00000007109af018, 0x0000000710a00000| 84%| S|CS|TAMS 0x0000000710800000, 0x0000000710800000| Complete 
| 122|0x0000000710a00000, 0x0000000710a00000, 0x0000000710c00000|  0%| F|  |TAMS 0x0000000710a00000, 0x0000000710a00000| Untracked 
| 123|0x0000000710c00000, 0x0000000710c00000, 0x0000000710e00000|  0%| F|  |TAMS 0x0000000710c00000, 0x0000000710c00000| Untracked 
| 124|0x0000000710e00000, 0x0000000710e00000, 0x0000000711000000|  0%| F|  |TAMS 0x0000000710e00000, 0x0000000710e00000| Untracked 
| 125|0x0000000711000000, 0x0000000711000000, 0x0000000711200000|  0%| F|  |TAMS 0x0000000711000000, 0x0000000711000000| Untracked 
| 126|0x0000000711200000, 0x0000000711200000, 0x0000000711400000|  0%| F|  |TAMS 0x0000000711200000, 0x0000000711200000| Untracked 
| 127|0x0000000711400000, 0x000000071153e7c8, 0x0000000711600000| 62%| E|  |TAMS 0x0000000711400000, 0x0000000711400000| Complete 

Card table byte_map: [0x00000245795d0000,0x0000024579dd0000] _byte_map_base: 0x0000024575dc5000

Marking Bits (Prev, Next): (CMBitMap*) 0x0000024575785490, (CMBitMap*) 0x00000245757854d0
 Prev Bits: [0x000002457a5d0000, 0x000002457e578000)
 Next Bits: [0x000002450f000000, 0x0000024512fa8000)

Polling page: 0x0000024573650000

Metaspace:

Usage:
  Non-class:     10.24 MB used.
      Class:      1.02 MB used.
       Both:     11.26 MB used.

Virtual space:
  Non-class space:       16.00 MB reserved,      10.31 MB ( 64%) committed,  2 nodes.
      Class space:        1.00 GB reserved,       1.06 MB ( <1%) committed,  1 nodes.
             Both:        1.02 GB reserved,      11.38 MB (  1%) committed. 

Chunk freelists:
   Non-Class:  928.00 KB
       Class:  2.88 MB
        Both:  3.79 MB

MaxMetaspaceSize: unlimited
CompressedClassSpaceSize: 1.00 GB
Initial GC threshold: 21.00 MB
Current GC threshold: 21.00 MB
CDS: off
MetaspaceReclaimPolicy: balanced
 - commit_granule_bytes: 65536.
 - commit_granule_words: 8192.
 - virtual_space_node_default_size: 1048576.
 - enlarge_chunks_in_place: 1.
 - new_chunks_are_fully_committed: 0.
 - uncommit_free_chunks: 1.
 - use_allocation_guard: 0.
 - handle_deallocations: 1.


Internal statistics:

num_allocs_failed_limit: 0.
num_arena_births: 18.
num_arena_deaths: 0.
num_vsnodes_births: 3.
num_vsnodes_deaths: 0.
num_space_committed: 182.
num_space_uncommitted: 0.
num_chunks_returned_to_freelist: 0.
num_chunks_taken_from_freelist: 97.
num_chunk_merges: 0.
num_chunk_splits: 46.
num_chunks_enlarged: 33.
num_purges: 0.
num_inconsistent_stats: 0.

CodeHeap 'non-profiled nmethods': size=120000Kb used=257Kb max_used=257Kb free=119742Kb
 bounds [0x0000024507ad0000, 0x0000024507d40000, 0x000002450f000000]
CodeHeap 'profiled nmethods': size=120000Kb used=1442Kb max_used=1442Kb free=118557Kb
 bounds [0x00000245005a0000, 0x0000024500810000, 0x0000024507ad0000]
CodeHeap 'non-nmethods': size=5760Kb used=1210Kb max_used=1224Kb free=4550Kb
 bounds [0x0000024500000000, 0x0000024500270000, 0x00000245005a0000]
 total_blobs=1208 nmethods=781 adapters=340
 compilation: enabled
              stopped_count=0, restarted_count=0
 full_count=0

Compilation events (20 events):
Event: 1.152 Thread 0x000002457f474d50  772       1       java.lang.reflect.Method::getSharedParameterTypes (5 bytes)
Event: 1.152 Thread 0x000002457f474d50 nmethod 772 0x0000024507b0fe90 code [0x0000024507b10020, 0x0000024507b100f8]
Event: 1.153 Thread 0x000002457f474d50  774       3       jdk.internal.misc.VM::initLevel (4 bytes)
Event: 1.153 Thread 0x000002457f474d50 nmethod 774 0x0000024500706410 code [0x00000245007065a0, 0x0000024500706698]
Event: 1.153 Thread 0x000002457f474d50  775       3       java.lang.String::valueOf (15 bytes)
Event: 1.154 Thread 0x000002457f474d50 nmethod 775 0x0000024500706710 code [0x00000245007068c0, 0x0000024500706ae8]
Event: 1.154 Thread 0x000002457f474d50  773       3       jdk.internal.misc.VM::isModuleSystemInited (13 bytes)
Event: 1.154 Thread 0x000002457f474d50 nmethod 773 0x0000024500706b90 code [0x0000024500706d20, 0x0000024500706ed8]
Event: 1.154 Thread 0x000002457f474d50  776       3       java.nio.ByteBuffer::position (8 bytes)
Event: 1.154 Thread 0x000002457f474d50 nmethod 776 0x0000024500706f90 code [0x0000024500707120, 0x0000024500707268]
Event: 1.154 Thread 0x000002457f474d50  777       3       java.lang.Class::getReflectionFactory (26 bytes)
Event: 1.155 Thread 0x000002457f474d50 nmethod 777 0x0000024500707310 code [0x0000024500707540, 0x0000024500707d58]
Event: 1.155 Thread 0x000002457f474d50  778       3       adt.bt.BTNode::isEmpty (11 bytes)
Event: 1.155 Thread 0x000002457f474d50 nmethod 778 0x0000024500708090 code [0x0000024500708220, 0x0000024500708398]
Event: 1.155 Thread 0x000002457f474d50  779       3       java.lang.Integer::valueOf (32 bytes)
Event: 1.155 Thread 0x000002457f474d50 nmethod 779 0x0000024500708410 code [0x00000245007085c0, 0x00000245007088d8]
Event: 1.155 Thread 0x000002457f474d50  780       1       adt.bt.BTNode::getLeft (5 bytes)
Event: 1.155 Thread 0x000002457f474d50 nmethod 780 0x0000024507b10190 code [0x0000024507b10320, 0x0000024507b103f8]
Event: 1.155 Thread 0x000002457f474d50  781       1       adt.bt.BTNode::getRight (5 bytes)
Event: 1.155 Thread 0x000002457f474d50 nmethod 781 0x0000024507b10490 code [0x0000024507b10620, 0x0000024507b106f8]

GC Heap History (2 events):
Event: 1.110 GC heap before
{Heap before GC invocations=0 (full 0):
 garbage-first heap   total 262144K, used 12288K [0x0000000701600000, 0x0000000800000000)
  region size 2048K, 6 young (12288K), 0 survivors (0K)
 Metaspace       used 11381K, committed 11520K, reserved 1064960K
  class space    used 1028K, committed 1088K, reserved 1048576K
}
Event: 1.115 GC heap after
{Heap after GC invocations=1 (full 0):
 garbage-first heap   total 262144K, used 1724K [0x0000000701600000, 0x0000000800000000)
  region size 2048K, 1 young (2048K), 1 survivors (2048K)
 Metaspace       used 11381K, committed 11520K, reserved 1064960K
  class space    used 1028K, committed 1088K, reserved 1048576K
}

Deoptimization events (20 events):
Event: 0.615 Thread 0x000002457571b9f0 DEOPT PACKING pc=0x0000024507aeae10 sp=0x000000a86fafdcf0
Event: 0.615 Thread 0x000002457571b9f0 DEOPT UNPACKING pc=0x00000245000523a3 sp=0x000000a86fafdc30 mode 2
Event: 0.622 Thread 0x000002457571b9f0 Uncommon trap: trap_request=0xffffff45 fr.pc=0x0000024507ade460 relative=0x0000000000000060
Event: 0.622 Thread 0x000002457571b9f0 Uncommon trap: reason=unstable_if action=reinterpret pc=0x0000024507ade460 method=java.lang.String.isLatin1()Z @ 10 c2
Event: 0.622 Thread 0x000002457571b9f0 DEOPT PACKING pc=0x0000024507ade460 sp=0x000000a86fafe490
Event: 0.622 Thread 0x000002457571b9f0 DEOPT UNPACKING pc=0x00000245000523a3 sp=0x000000a86fafe430 mode 2
Event: 0.623 Thread 0x000002457571b9f0 Uncommon trap: trap_request=0xffffff45 fr.pc=0x0000024507add4f8 relative=0x0000000000000078
Event: 0.623 Thread 0x000002457571b9f0 Uncommon trap: reason=unstable_if action=reinterpret pc=0x0000024507add4f8 method=java.lang.String.isLatin1()Z @ 10 c2
Event: 0.623 Thread 0x000002457571b9f0 DEOPT PACKING pc=0x0000024507add4f8 sp=0x000000a86fafee90
Event: 0.623 Thread 0x000002457571b9f0 DEOPT UNPACKING pc=0x00000245000523a3 sp=0x000000a86fafede0 mode 2
Event: 0.631 Thread 0x000002457571b9f0 DEOPT PACKING pc=0x0000024500626854 sp=0x000000a86fafbb70
Event: 0.631 Thread 0x000002457571b9f0 DEOPT UNPACKING pc=0x0000024500052b43 sp=0x000000a86fafafd8 mode 0
Event: 0.708 Thread 0x000002457571b9f0 DEOPT PACKING pc=0x00000245005d22ea sp=0x000000a86faf8460
Event: 0.708 Thread 0x000002457571b9f0 DEOPT UNPACKING pc=0x0000024500052b43 sp=0x000000a86faf7880 mode 0
Event: 0.726 Thread 0x000002457571b9f0 DEOPT PACKING pc=0x00000245005ae055 sp=0x000000a86fafbd10
Event: 0.726 Thread 0x000002457571b9f0 DEOPT UNPACKING pc=0x0000024500052b43 sp=0x000000a86fafb188 mode 0
Event: 0.763 Thread 0x000002457571b9f0 DEOPT PACKING pc=0x0000024500637279 sp=0x000000a86fafdd30
Event: 0.763 Thread 0x000002457571b9f0 DEOPT UNPACKING pc=0x0000024500052b43 sp=0x000000a86fafd1b8 mode 0
Event: 1.136 Thread 0x000002457571b9f0 DEOPT PACKING pc=0x000002450063af3e sp=0x000000a86fafce50
Event: 1.136 Thread 0x000002457571b9f0 DEOPT UNPACKING pc=0x0000024500052b43 sp=0x000000a86fafc2c8 mode 0

Classes unloaded (0 events):
No events

Classes redefined (1 events):
Event: 170.115 Thread 0x000002457f4013c0 redefined class name=adt.bst.BSTImpl, count=1

Internal exceptions (6 events):
Event: 0.804 Thread 0x000002457571b9f0 Exception <a 'java/lang/NoSuchMethodError'{0x00000007111f86b0}: 'java.lang.Object java.lang.invoke.DirectMethodHandle$Holder.invokeStaticInit(java.lang.Object)'> (0x00000007111f86b0) 
thrown [s\src\hotspot\share\interpreter\linkResolver.cpp, line 759]
Event: 0.815 Thread 0x000002457571b9f0 Exception <a 'java/lang/NoSuchMethodError'{0x0000000710e20c50}: 'void java.lang.invoke.DirectMethodHandle$Holder.invokeStatic(java.lang.Object, java.lang.Object)'> (0x0000000710e20c50) 
thrown [s\src\hotspot\share\interpreter\linkResolver.cpp, line 759]
Event: 1.004 Thread 0x000002457571b9f0 Exception <a 'java/lang/NoSuchMethodError'{0x0000000710dd26c0}: 'java.lang.Object java.lang.invoke.DirectMethodHandle$Holder.invokeInterface(java.lang.Object, java.lang.Object)'> (0x0000000710dd26c0) 
thrown [s\src\hotspot\share\interpreter\linkResolver.cpp, line 759]
Event: 1.005 Thread 0x000002457571b9f0 Exception <a 'java/lang/IncompatibleClassChangeError'{0x0000000710dd5eb8}: Found class java.lang.Object, but interface was expected> (0x0000000710dd5eb8) 
thrown [s\src\hotspot\share\interpreter\linkResolver.cpp, line 826]
Event: 1.051 Thread 0x000002457571b9f0 Exception <a 'java/lang/NoSuchMethodError'{0x0000000710a85e48}: 'java.lang.Object java.lang.invoke.DirectMethodHandle$Holder.newInvokeSpecial(java.lang.Object, java.lang.Object, java.lang.Object, java.lang.Object, java.lang.Object)'> (0x0000000710a85e48) 
thrown [s\src\hotspot\share\interpreter\linkResolver.cpp, line 759]
Event: 1.144 Thread 0x000002457571b9f0 Exception <a 'java/lang/reflect/InvocationTargetException'{0x00000007114b2c48}> (0x00000007114b2c48) 
thrown [s\src\hotspot\share\runtime\reflection.cpp, line 1121]

VM Operations (20 events):
Event: 166.381 Executing VM operation: get/set locals
Event: 166.381 Executing VM operation: get/set locals done
Event: 166.382 Executing VM operation: get/set locals
Event: 166.382 Executing VM operation: get/set locals done
Event: 166.382 Executing VM operation: get/set locals
Event: 166.382 Executing VM operation: get/set locals done
Event: 166.382 Executing VM operation: get/set locals
Event: 166.383 Executing VM operation: get/set locals done
Event: 166.386 Executing VM operation: get/set locals
Event: 166.386 Executing VM operation: get/set locals done
Event: 166.388 Executing VM operation: get/set locals
Event: 166.388 Executing VM operation: get/set locals done
Event: 166.389 Executing VM operation: get/set locals
Event: 166.389 Executing VM operation: get/set locals done
Event: 166.409 Executing VM operation: get/set locals
Event: 166.409 Executing VM operation: get/set locals done
Event: 166.410 Executing VM operation: get/set locals
Event: 166.410 Executing VM operation: get/set locals done
Event: 170.112 Executing VM operation: RedefineClasses
Event: 170.119 Executing VM operation: RedefineClasses done

Events (20 events):
Event: 1.104 loading class java/io/ClassCache$CacheRef
Event: 1.104 loading class java/io/ClassCache$CacheRef done
Event: 1.104 loading class java/io/ObjectStreamClass$FieldReflectorKey
Event: 1.105 loading class java/io/ObjectStreamClass$FieldReflectorKey done
Event: 1.105 loading class java/io/ObjectStreamClass$FieldReflector
Event: 1.105 loading class java/io/ObjectStreamClass$FieldReflector done
Event: 1.110 loading class java/util/concurrent/CopyOnWriteArrayList$COWIterator
Event: 1.110 loading class java/util/concurrent/CopyOnWriteArrayList$COWIterator done
Event: 1.124 loading class sun/nio/ch/IOStatus
Event: 1.124 loading class sun/nio/ch/IOStatus done
Event: 1.126 loading class java/lang/reflect/InvocationTargetException
Event: 1.126 loading class java/lang/reflect/InvocationTargetException done
Event: 1.151 loading class java/io/StringReader
Event: 1.151 loading class java/io/StringReader done
Event: 1.152 loading class java/lang/Throwable$WrappedPrintWriter
Event: 1.152 loading class java/lang/Throwable$PrintStreamOrWriter
Event: 1.152 loading class java/lang/Throwable$PrintStreamOrWriter done
Event: 1.152 loading class java/lang/Throwable$WrappedPrintWriter done
Event: 1.153 loading class java/lang/StackTraceElement$HashedModules
Event: 1.153 loading class java/lang/StackTraceElement$HashedModules done


Dynamic libraries:
0x00007ff6eeca0000 - 0x00007ff6eecae000 	C:\Users\Dhoug\OneDrive\Documentos\eclipse\plugins\org.eclipse.justj.openjdk.hotspot.jre.full.win32.x86_64_17.0.4.v20220903-1038\jre\bin\javaw.exe
0x00007ffe9c010000 - 0x00007ffe9c208000 	C:\Windows\SYSTEM32\ntdll.dll
0x00007ffe9aca0000 - 0x00007ffe9ad5f000 	C:\Windows\System32\KERNEL32.DLL
0x00007ffe997a0000 - 0x00007ffe99a96000 	C:\Windows\System32\KERNELBASE.dll
0x00007ffe99c00000 - 0x00007ffe99d00000 	C:\Windows\System32\ucrtbase.dll
0x00007ffe8fef0000 - 0x00007ffe8ff08000 	C:\Users\Dhoug\OneDrive\Documentos\eclipse\plugins\org.eclipse.justj.openjdk.hotspot.jre.full.win32.x86_64_17.0.4.v20220903-1038\jre\bin\jli.dll
0x00007ffe9ad60000 - 0x00007ffe9aefd000 	C:\Windows\System32\USER32.dll
0x00007ffe99d00000 - 0x00007ffe99d22000 	C:\Windows\System32\win32u.dll
0x00007ffe9a730000 - 0x00007ffe9a75c000 	C:\Windows\System32\GDI32.dll
0x00007ffe99d30000 - 0x00007ffe99e45000 	C:\Windows\System32\gdi32full.dll
0x00007ffe99e50000 - 0x00007ffe99eed000 	C:\Windows\System32\msvcp_win.dll
0x00007ffe8fed0000 - 0x00007ffe8fee9000 	C:\Users\Dhoug\OneDrive\Documentos\eclipse\plugins\org.eclipse.justj.openjdk.hotspot.jre.full.win32.x86_64_17.0.4.v20220903-1038\jre\bin\VCRUNTIME140.dll
0x00007ffe87cd0000 - 0x00007ffe87f6a000 	C:\Windows\WinSxS\amd64_microsoft.windows.common-controls_6595b64144ccf1df_6.0.19041.1110_none_60b5254171f9507e\COMCTL32.dll
0x00007ffe9af00000 - 0x00007ffe9af9e000 	C:\Windows\System32\msvcrt.dll
0x00007ffe9a070000 - 0x00007ffe9a0a0000 	C:\Windows\System32\IMM32.DLL
0x00007ffe986c0000 - 0x00007ffe9875a000 	C:\Windows\system32\sxsshell.dll
0x00007ffe9b880000 - 0x00007ffe9bfc4000 	C:\Windows\System32\SHELL32.dll
0x000000006c4e0000 - 0x000000006c583000 	C:\Windows\WinSxS\amd64_microsoft.vc90.crt_1fc8b3b9a1e18e3b_9.0.30729.9625_none_08e1c10da83fbc83\MSVCR90.dll
0x00007ffe94c40000 - 0x00007ffe94c4c000 	C:\Users\Dhoug\OneDrive\Documentos\eclipse\plugins\org.eclipse.justj.openjdk.hotspot.jre.full.win32.x86_64_17.0.4.v20220903-1038\jre\bin\vcruntime140_1.dll
0x00007ffe6abd0000 - 0x00007ffe6ac61000 	C:\Users\Dhoug\OneDrive\Documentos\eclipse\plugins\org.eclipse.justj.openjdk.hotspot.jre.full.win32.x86_64_17.0.4.v20220903-1038\jre\bin\msvcp140.dll
0x00007ffe3ba30000 - 0x00007ffe3c676000 	C:\Users\Dhoug\OneDrive\Documentos\eclipse\plugins\org.eclipse.justj.openjdk.hotspot.jre.full.win32.x86_64_17.0.4.v20220903-1038\jre\bin\server\jvm.dll
0x00007ffe9a3c0000 - 0x00007ffe9a46f000 	C:\Windows\System32\ADVAPI32.dll
0x00007ffe9a320000 - 0x00007ffe9a3bc000 	C:\Windows\System32\sechost.dll
0x00007ffe9a1f0000 - 0x00007ffe9a316000 	C:\Windows\System32\RPCRT4.dll
0x00007ffe9b6b0000 - 0x00007ffe9b6b8000 	C:\Windows\System32\PSAPI.DLL
0x00007ffe90a00000 - 0x00007ffe90a09000 	C:\Windows\SYSTEM32\WSOCK32.dll
0x00007ffe9b7b0000 - 0x00007ffe9b81b000 	C:\Windows\System32\WS2_32.dll
0x00007ffe919f0000 - 0x00007ffe919fa000 	C:\Windows\SYSTEM32\VERSION.dll
0x00007ffe88700000 - 0x00007ffe88727000 	C:\Windows\SYSTEM32\WINMM.dll
0x00007ffe97510000 - 0x00007ffe97522000 	C:\Windows\SYSTEM32\kernel.appcore.dll
0x00007ffe8c9b0000 - 0x00007ffe8c9ba000 	C:\Users\Dhoug\OneDrive\Documentos\eclipse\plugins\org.eclipse.justj.openjdk.hotspot.jre.full.win32.x86_64_17.0.4.v20220903-1038\jre\bin\jimage.dll
0x00007ffe829d0000 - 0x00007ffe82bb4000 	C:\Windows\SYSTEM32\DBGHELP.DLL
0x00007ffe83540000 - 0x00007ffe83574000 	C:\Windows\SYSTEM32\dbgcore.DLL
0x00007ffe99ef0000 - 0x00007ffe99f72000 	C:\Windows\System32\bcryptPrimitives.dll
0x00007ffe81140000 - 0x00007ffe8117b000 	C:\Users\Dhoug\OneDrive\Documentos\eclipse\plugins\org.eclipse.justj.openjdk.hotspot.jre.full.win32.x86_64_17.0.4.v20220903-1038\jre\bin\jdwp.dll
0x00007ffe94090000 - 0x00007ffe9409e000 	C:\Users\Dhoug\OneDrive\Documentos\eclipse\plugins\org.eclipse.justj.openjdk.hotspot.jre.full.win32.x86_64_17.0.4.v20220903-1038\jre\bin\instrument.dll
0x00007ffe8aff0000 - 0x00007ffe8b015000 	C:\Users\Dhoug\OneDrive\Documentos\eclipse\plugins\org.eclipse.justj.openjdk.hotspot.jre.full.win32.x86_64_17.0.4.v20220903-1038\jre\bin\java.dll
0x00007ffe8afd0000 - 0x00007ffe8afe8000 	C:\Users\Dhoug\OneDrive\Documentos\eclipse\plugins\org.eclipse.justj.openjdk.hotspot.jre.full.win32.x86_64_17.0.4.v20220903-1038\jre\bin\zip.dll
0x00007ffe97710000 - 0x00007ffe97ea3000 	C:\Windows\SYSTEM32\windows.storage.dll
0x00007ffe9afa0000 - 0x00007ffe9b2f4000 	C:\Windows\System32\combase.dll
0x00007ffe99150000 - 0x00007ffe9917e000 	C:\Windows\SYSTEM32\Wldp.dll
0x00007ffe9b300000 - 0x00007ffe9b3ad000 	C:\Windows\System32\SHCORE.dll
0x00007ffe9b640000 - 0x00007ffe9b695000 	C:\Windows\System32\shlwapi.dll
0x00007ffe99630000 - 0x00007ffe9964f000 	C:\Windows\SYSTEM32\profapi.dll
0x00007ffe8fec0000 - 0x00007ffe8fecc000 	C:\Users\Dhoug\OneDrive\Documentos\eclipse\plugins\org.eclipse.justj.openjdk.hotspot.jre.full.win32.x86_64_17.0.4.v20220903-1038\jre\bin\dt_socket.dll
0x00007ffe98b50000 - 0x00007ffe98b8c000 	C:\Windows\SYSTEM32\IPHLPAPI.DLL
0x00007ffe98eb0000 - 0x00007ffe98f1a000 	C:\Windows\system32\mswsock.dll
0x00007ffe98b90000 - 0x00007ffe98c5b000 	C:\Windows\SYSTEM32\DNSAPI.dll
0x00007ffe9b7a0000 - 0x00007ffe9b7a8000 	C:\Windows\System32\NSI.dll
0x00007ffe8a420000 - 0x00007ffe8a42a000 	C:\Windows\System32\rasadhlp.dll
0x00007ffe883e0000 - 0x00007ffe88462000 	C:\Windows\System32\fwpuclnt.dll
0x00007ffe9a040000 - 0x00007ffe9a067000 	C:\Windows\System32\bcrypt.dll
0x00007ffe8afb0000 - 0x00007ffe8afc9000 	C:\Users\Dhoug\OneDrive\Documentos\eclipse\plugins\org.eclipse.justj.openjdk.hotspot.jre.full.win32.x86_64_17.0.4.v20220903-1038\jre\bin\net.dll
0x00007ffe8a850000 - 0x00007ffe8a95a000 	C:\Windows\SYSTEM32\WINHTTP.dll
0x00007ffe8af90000 - 0x00007ffe8afa5000 	C:\Users\Dhoug\OneDrive\Documentos\eclipse\plugins\org.eclipse.justj.openjdk.hotspot.jre.full.win32.x86_64_17.0.4.v20220903-1038\jre\bin\nio.dll
0x00007ffe8c9a0000 - 0x00007ffe8c9b0000 	C:\Users\Dhoug\OneDrive\Documentos\eclipse\plugins\org.eclipse.justj.openjdk.hotspot.jre.full.win32.x86_64_17.0.4.v20220903-1038\jre\bin\verify.dll
0x00007ffe90780000 - 0x00007ffe90797000 	C:\Windows\SYSTEM32\dhcpcsvc6.DLL
0x00007ffe90610000 - 0x00007ffe9062d000 	C:\Windows\SYSTEM32\dhcpcsvc.DLL

dbghelp: loaded successfully - version: 4.0.5 - missing functions: none
symbol engine: initialized successfully - sym options: 0x614 - pdb path: .;C:\Users\Dhoug\OneDrive\Documentos\eclipse\plugins\org.eclipse.justj.openjdk.hotspot.jre.full.win32.x86_64_17.0.4.v20220903-1038\jre\bin;C:\Windows\SYSTEM32;C:\Windows\WinSxS\amd64_microsoft.windows.common-controls_6595b64144ccf1df_6.0.19041.1110_none_60b5254171f9507e;C:\Windows\WinSxS\amd64_microsoft.vc90.crt_1fc8b3b9a1e18e3b_9.0.30729.9625_none_08e1c10da83fbc83;C:\Users\Dhoug\OneDrive\Documentos\eclipse\plugins\org.eclipse.justj.openjdk.hotspot.jre.full.win32.x86_64_17.0.4.v20220903-1038\jre\bin\server

VM Arguments:
jvm_args: -XX:+ShowCodeDetailsInExceptionMessages -agentlib:jdwp=transport=dt_socket,suspend=y,address=localhost:55400 -ea -javaagent:C:\Users\Dhoug\OneDrive\Documentos\eclipse\configuration\org.eclipse.osgi\228\0\.cp\lib\javaagent-shaded.jar -Dfile.encoding=UTF-8 
java_command: org.eclipse.jdt.internal.junit.runner.RemoteTestRunner -version 3 -port 55399 -testLoaderClass org.eclipse.jdt.internal.junit4.runner.JUnit4TestLoader -loaderpluginname org.eclipse.jdt.junit4.runtime -classNames adt.bst.StudentBSTTest
java_class_path (initial): C:\Users\Dhoug\eclipse-workspace\r08-01\target\test-classes;C:\Users\Dhoug\eclipse-workspace\r08-01\target\classes;C:\Users\Dhoug\.m2\repository\junit\junit\4.13.1\junit-4.13.1.jar;C:\Users\Dhoug\.m2\repository\org\hamcrest\hamcrest-core\1.3\hamcrest-core-1.3.jar;C:\Users\Dhoug\OneDrive\Documentos\eclipse\configuration\org.eclipse.osgi\226\0\.cp;C:\Users\Dhoug\OneDrive\Documentos\eclipse\configuration\org.eclipse.osgi\225\0\.cp
Launcher Type: SUN_STANDARD

[Global flags]
     intx CICompilerCount                          = 3                                         {product} {ergonomic}
     uint ConcGCThreads                            = 1                                         {product} {ergonomic}
     uint G1ConcRefinementThreads                  = 4                                         {product} {ergonomic}
   size_t G1HeapRegionSize                         = 2097152                                   {product} {ergonomic}
    uintx GCDrainStackTargetSize                   = 64                                        {product} {ergonomic}
   size_t InitialHeapSize                          = 268435456                                 {product} {ergonomic}
   size_t MarkStackSize                            = 4194304                                   {product} {ergonomic}
   size_t MaxHeapSize                              = 4271898624                                {product} {ergonomic}
   size_t MaxNewSize                               = 2562719744                                {product} {ergonomic}
   size_t MinHeapDeltaBytes                        = 2097152                                   {product} {ergonomic}
   size_t MinHeapSize                              = 8388608                                   {product} {ergonomic}
    uintx NonNMethodCodeHeapSize                   = 5832780                                {pd product} {ergonomic}
    uintx NonProfiledCodeHeapSize                  = 122912730                              {pd product} {ergonomic}
    uintx ProfiledCodeHeapSize                     = 122912730                              {pd product} {ergonomic}
    uintx ReservedCodeCacheSize                    = 251658240                              {pd product} {ergonomic}
     bool SegmentedCodeCache                       = true                                      {product} {ergonomic}
     bool ShowCodeDetailsInExceptionMessages       = true                                   {manageable} {command line}
   size_t SoftMaxHeapSize                          = 4271898624                             {manageable} {ergonomic}
     bool UseCompressedClassPointers               = true                           {product lp64_product} {ergonomic}
     bool UseCompressedOops                        = true                           {product lp64_product} {ergonomic}
     bool UseG1GC                                  = true                                      {product} {ergonomic}
     bool UseLargePagesIndividualAllocation        = false                                  {pd product} {ergonomic}

Logging:
Log output configuration:
 #0: stdout all=warning uptime,level,tags
 #1: stderr all=off uptime,level,tags

Environment Variables:
JAVA_HOME=C:\Program Files\BellSoft\LibericaJRE-8-Full\
PATH=C:\Users\Dhoug\OneDrive\Documentos\eclipse\plugins\org.eclipse.justj.openjdk.hotspot.jre.full.win32.x86_64_17.0.4.v20220903-1038\jre\bin;C:/Users/Dhoug/OneDrive/Documentos/eclipse//plugins/org.eclipse.justj.openjdk.hotspot.jre.full.win32.x86_64_17.0.4.v20220903-1038/jre/bin/server;C:/Users/Dhoug/OneDrive/Documentos/eclipse//plugins/org.eclipse.justj.openjdk.hotspot.jre.full.win32.x86_64_17.0.4.v20220903-1038/jre/bin;C:\Program Files\Common Files\Oracle\Java\javapath;C:\Program Files\BellSoft\LibericaJRE-8-Full\bin\;C:\Program Files (x86)\Common Files\Oracle\Java\javapath;C:\Python310\Scripts\;C:\Python310\;C:\Windows\system32;C:\Windows;C:\Windows\System32\Wbem;C:\Windows\System32\WindowsPowerShell\v1.0\;C:\Windows\System32\OpenSSH\;C:\Program Files\Git\cmd;C:\Users\Dhoug\AppData\Roaming\nvm;C:\Program Files\nodejs;C:\ProgramData\chocolatey\bin;C:\Users\Dhoug\AppData\Local\Microsoft\WindowsApps;C:\Users\Dhoug\AppData\Local\Programs\Microsoft VS Code\bin;C:\Users\Dhoug\AppData\Roaming\nvm;C:\Program Files\nodejs;C:\Users\Dhoug\OneDrive\Documentos\eclipse;
USERNAME=Dhoug
OS=Windows_NT
PROCESSOR_IDENTIFIER=Intel64 Family 6 Model 61 Stepping 4, GenuineIntel
TMP=C:\Users\Dhoug\AppData\Local\Temp
TEMP=C:\Users\Dhoug\AppData\Local\Temp



---------------  S Y S T E M  ---------------

OS:
 Windows 10 , 64 bit Build 19041 (10.0.19041.2913)
OS uptime: 1 days 20:59 hours

CPU: total 4 (initial active 4) (2 cores per cpu, 2 threads per core) family 6 model 61 stepping 4 microcode 0x2d, cx8, cmov, fxsr, ht, mmx, 3dnowpref, sse, sse2, sse3, ssse3, sse4.1, sse4.2, popcnt, lzcnt, tsc, tscinvbit, avx, avx2, aes, erms, clmul, bmi1, bmi2, adx, fma, vzeroupper, clflush

Memory: 4k page, system-wide physical 16294M (10196M free)
TotalPageFile size 17318M (AvailPageFile size 10019M)
current process WorkingSet (physical memory assigned to process): 60M, peak: 64M
current process commit charge ("private bytes"): 339M, peak: 343M

vm_info: OpenJDK 64-Bit Server VM (17.0.4.1+1) for windows-amd64 JRE (17.0.4.1+1), built on Aug 17 2022 07:42:43 by "temurin" with MS VC++ 16.7 (VS2019)

END.
